<?xml version="1.0" encoding="UTF-8"?>
<!-- Generated by org.testng.reporters.JUnitXMLReporter -->
<testsuite ignored="0" hostname="Asiya" failures="0" tests="3" name="Default test" time="0.082" errors="0" timestamp="2024-06-25T23:40:53 EDT">
  <testcase classname="testNGProject.TestNGR" name="TestExecution1" time="0.014"/>
  <testcase classname="testNGProject.TestNGR" name="TestExecution2" time="0.002"/>
  <testcase classname="testNGProject.TestNGR" name="TestExecution3" time="0.003"/>
</testsuite> <!-- Default test -->
